#
# A fatal error has been detected by the Java Runtime Environment:
#
#  EXCEPTION_ACCESS_VIOLATION (0xc0000005) at pc=0x00007ffa9288e74e, pid=21220, tid=35336
#
# JRE version: Java(TM) SE Runtime Environment (13.0.2+8) (build 13.0.2+8)
# Java VM: Java HotSpot(TM) 64-Bit Server VM (13.0.2+8, mixed mode, sharing, tiered, compressed oops, g1 gc, windows-amd64)
# Problematic frame:
# C  [d3d9.dll+0xbe74e]
#
# No core dump will be written. Minidumps are not enabled by default on client versions of Windows
#
# If you would like to submit a bug report, please visit:
#   http://bugreport.java.com/bugreport/crash.jsp
# The crash happened outside the Java Virtual Machine in native code.
# See problematic frame for where to report the bug.
#

---------------  S U M M A R Y ------------

Command Line: -Dfile.encoding=Cp1252 GUI.Main

Host: Intel(R) Core(TM) i7-7700 CPU @ 3.60GHz, 8 cores, 7G,  Windows 10 , 64 bit Build 18362 (10.0.18362.1110)
Time: Wed Oct 28 01:11:27 2020 Central America Standard Time elapsed time: 49 seconds (0d 0h 0m 49s)

---------------  T H R E A D  ---------------

Current thread (0x0000022f557f1000):  JavaThread "AWT-Windows" daemon [_thread_in_native, id=35336, stack(0x0000009246c00000,0x0000009246d00000)]

Stack: [0x0000009246c00000,0x0000009246d00000],  sp=0x0000009246cfeae0,  free space=1018k
Native frames: (J=compiled Java code, j=interpreted, Vv=VM code, C=native code)
C  [d3d9.dll+0xbe74e]

Java frames: (J=compiled Java code, j=interpreted, Vv=VM code)
j  sun.awt.windows.WToolkit.eventLoop()V+0 java.desktop@13.0.2
j  sun.awt.windows.WToolkit.run()V+50 java.desktop@13.0.2
j  java.lang.Thread.run()V+11 java.base@13.0.2
v  ~StubRoutines::call_stub

siginfo: EXCEPTION_ACCESS_VIOLATION (0xc0000005), reading address 0x0000000000000008


Register to memory mapping:

RIP=0x00007ffa9288e74e d3d9.dll
RAX=0x0 is NULL
RBX=0x0000022f5582cae0 points into unknown readable memory: 00 00 00 00 00 00 00 00
RCX=0x000000000000005b is an unknown value
RDX=0x0 is NULL
RSP=0x0000009246cfeae0 is pointing into the stack for thread: 0x0000022f557f1000
RBP=0x0000000000000001 is an unknown value
RSI=0x0000000000000001 is an unknown value
RDI=0x0000022f5582cae0 points into unknown readable memory: 00 00 00 00 00 00 00 00
R8 =0x0000022f55e80440 points into unknown readable memory: 00 00 00 00 00 00 00 00
R9 =0x0000000000000002 is an unknown value
R10=0x0000022f563e9848 points into unknown readable memory: 00 00 00 00 00 04 00 00
R11=0x0000009246cfeac0 is pointing into the stack for thread: 0x0000022f557f1000
R12=0x0 is NULL
R13={method} {0x0000022f54cf0b58} 'eventLoop' '()V' in 'sun/awt/windows/WToolkit'
R14=0x0000009246cfef88 is pointing into the stack for thread: 0x0000022f557f1000
R15=0x0000022f557f1000 is a thread


Registers:
RAX=0x0000000000000000, RBX=0x0000022f5582cae0, RCX=0x000000000000005b, RDX=0x0000000000000000
RSP=0x0000009246cfeae0, RBP=0x0000000000000001, RSI=0x0000000000000001, RDI=0x0000022f5582cae0
R8 =0x0000022f55e80440, R9 =0x0000000000000002, R10=0x0000022f563e9848, R11=0x0000009246cfeac0
R12=0x0000000000000000, R13=0x0000022f54cf0b50, R14=0x0000009246cfef88, R15=0x0000022f557f1000
RIP=0x00007ffa9288e74e, EFLAGS=0x0000000000010202

Top of Stack: (sp=0x0000009246cfeae0)
0x0000009246cfeae0:   0000022f5e032310 00007ffabfadfba1
0x0000009246cfeaf0:   0000000000000000 0000022f339b0000
0x0000009246cfeb00:   0000000000000000 00007ffa9288e1f4
0x0000009246cfeb10:   0000022f5582cae0 00007ffa927e150e
0x0000009246cfeb20:   0000000000000000 00007ffabcd66f3f
0x0000009246cfeb30:   0000022f55d0a068 00007ffa9281c133
0x0000009246cfeb40:   0000022f55794e60 0000022f5d8e0260
0x0000009246cfeb50:   0000022f5acc03b8 fffffffffffffffe
0x0000009246cfeb60:   0000022f55d0a060 00007ffa927e1474
0x0000009246cfeb70:   0000000000000000 0000022f55d0a060
0x0000009246cfeb80:   0000000000000001 0000009246cfef88
0x0000009246cfeb90:   0000022f55d0a068 00007ffa927d386f
0x0000009246cfeba0:   00007ffa6c9b37e0 0000000000000001
0x0000009246cfebb0:   0000000000000000 0000009246cfef88
0x0000009246cfebc0:   0000022f55d1b268 00007ffa927e3b49
0x0000009246cfebd0:   0000000000000000 0000022f556fb520 

Instructions: (pc=0x00007ffa9288e74e)
0x00007ffa9288e64e:   44 8b 03 48 8d 4e 08 48 8b 53 08 41 ff c8 49 c1
0x00007ffa9288e65e:   e0 03 48 83 c2 08 e8 99 ff f7 ff 48 8b 4b 08 48
0x00007ffa9288e66e:   85 c9 74 0c 48 2b 49 f8 74 06 ff 15 82 2c 09 00
0x00007ffa9288e67e:   44 8b 03 48 89 73 08 48 63 47 08 8b 57 14 48 f7
0x00007ffa9288e68e:   d8 48 c1 e0 3f 48 d1 ea 48 03 d0 8b 07 48 c1 e0
0x00007ffa9288e69e:   1f 48 03 d0 eb 48 4c 8b 5b 08 41 8b c0 48 d1 e8
0x00007ffa9288e6ae:   45 8b c8 4d 8b 14 c3 49 63 42 08 41 8b 4a 14 48
0x00007ffa9288e6be:   f7 d8 48 c1 e0 3f 48 d1 e9 48 03 c8 41 8b 02 48
0x00007ffa9288e6ce:   c1 e0 1f 48 03 c8 48 3b d1 73 19 4f 89 14 cb 48
0x00007ffa9288e6de:   8b 43 08 4a 8b 0c c8 44 89 41 0c 41 d1 e8 41 83
0x00007ffa9288e6ee:   f8 01 77 b2 48 8b 4b 08 b8 01 00 00 00 41 8b d0
0x00007ffa9288e6fe:   48 89 3c d1 48 8b 4b 08 48 8b 14 d1 44 89 42 0c
0x00007ffa9288e70e:   ff 03 48 8b 5c 24 38 48 8b 74 24 40 48 83 c4 20
0x00007ffa9288e71e:   5f c3 cc cc cc cc cc cc cc cc 48 89 5c 24 08 57
0x00007ffa9288e72e:   48 83 ec 20 4c 8b 41 08 48 8b fa 44 8b 4a 0c 4c
0x00007ffa9288e73e:   8b d1 ff 09 8b 01 8b 4f 14 48 d1 e9 49 8b 14 c0
0x00007ffa9288e74e:   48 63 42 08 44 8b 5a 14 48 f7 d8 48 c1 e0 3f 49
0x00007ffa9288e75e:   d1 eb 4c 03 d8 8b 02 48 c1 e0 1f 4c 03 d8 48 63
0x00007ffa9288e76e:   47 08 48 f7 d8 48 c1 e0 3f 48 03 c8 8b 07 48 c1
0x00007ffa9288e77e:   e0 1f 48 03 c8 4c 3b d9 72 6d 4b 89 14 c8 41 8b
0x00007ffa9288e78e:   d1 49 8b 42 08 4a 8b 0c c8 44 89 49 0c 49 8b ca
0x00007ffa9288e79e:   e8 c5 01 00 00 83 67 0c 00 48 8b 5c 24 30 48 83
0x00007ffa9288e7ae:   c4 20 5f c3 49 8b 5a 08 41 8b c1 48 d1 e8 48 8b
0x00007ffa9288e7be:   14 c3 48 63 42 08 8b 4a 14 48 f7 d8 48 c1 e0 3f
0x00007ffa9288e7ce:   48 d1 e9 48 03 c8 8b 02 48 c1 e0 1f 48 03 c8 4c
0x00007ffa9288e7de:   3b d9 73 19 4a 89 14 cb 49 8b 42 08 4a 8b 0c c8
0x00007ffa9288e7ee:   44 89 49 0c 41 d1 e9 41 83 f9 01 77 b7 41 8b 02
0x00007ffa9288e7fe:   49 8b 52 08 48 8b 0c c2 4a 89 0c ca 49 8b 42 08
0x00007ffa9288e80e:   4a 8b 0c c8 44 89 49 0c eb 8b cc cc cc cc cc cc
0x00007ffa9288e81e:   cc cc 48 89 5c 24 08 48 89 74 24 10 57 48 83 ec
0x00007ffa9288e82e:   20 44 8b 19 33 ff 4c 8b d1 45 8d 43 ff 43 8d 04
0x00007ffa9288e83e:   00 45 8b c8 41 8b d8 41 3b c3 72 47 48 8b 71 08 


Stack slot to memory mapping:
stack at sp + 0 slots: 0x0000022f5e032310 points into unknown readable memory: 00 00 00 00 00 00 00 00
stack at sp + 1 slots: 0x00007ffabfadfba1 ntdll.dll
stack at sp + 2 slots: 0x0 is NULL
stack at sp + 3 slots: 0x0000022f339b0000 points into unknown readable memory: 00 00 00 00 00 00 00 00
stack at sp + 4 slots: 0x0 is NULL
stack at sp + 5 slots: 0x00007ffa9288e1f4 d3d9.dll
stack at sp + 6 slots: 0x0000022f5582cae0 points into unknown readable memory: 00 00 00 00 00 00 00 00
stack at sp + 7 slots: 0x00007ffa927e150e d3d9.dll


---------------  P R O C E S S  ---------------

Threads class SMR info:
_java_thread_list=0x0000022f5dc0c5a0, length=16, elements={
0x0000022f54b43000, 0x0000022f54b48800, 0x0000022f54b61800, 0x0000022f54b64000,
0x0000022f54b65000, 0x0000022f54b66000, 0x0000022f54b6a000, 0x0000022f555a6000,
0x0000022f555a7800, 0x0000022f557ae000, 0x0000022f557eb800, 0x0000022f557f1000,
0x0000022f557fd800, 0x0000022f35bdc000, 0x0000022f56368800, 0x0000022f55730000
}

Java Threads: ( => current thread )
  0x0000022f54b43000 JavaThread "Reference Handler" daemon [_thread_blocked, id=39540, stack(0x0000009246000000,0x0000009246100000)]
  0x0000022f54b48800 JavaThread "Finalizer" daemon [_thread_blocked, id=39352, stack(0x0000009246100000,0x0000009246200000)]
  0x0000022f54b61800 JavaThread "Signal Dispatcher" daemon [_thread_blocked, id=14076, stack(0x0000009246200000,0x0000009246300000)]
  0x0000022f54b64000 JavaThread "Attach Listener" daemon [_thread_blocked, id=37596, stack(0x0000009246300000,0x0000009246400000)]
  0x0000022f54b65000 JavaThread "C2 CompilerThread0" daemon [_thread_blocked, id=11692, stack(0x0000009246400000,0x0000009246500000)]
  0x0000022f54b66000 JavaThread "C1 CompilerThread0" daemon [_thread_blocked, id=12636, stack(0x0000009246500000,0x0000009246600000)]
  0x0000022f54b6a000 JavaThread "Sweeper thread" daemon [_thread_blocked, id=32076, stack(0x0000009246600000,0x0000009246700000)]
  0x0000022f555a6000 JavaThread "Service Thread" daemon [_thread_blocked, id=27188, stack(0x0000009246700000,0x0000009246800000)]
  0x0000022f555a7800 JavaThread "Common-Cleaner" daemon [_thread_blocked, id=39012, stack(0x0000009246900000,0x0000009246a00000)]
  0x0000022f557ae000 JavaThread "Java2D Disposer" daemon [_thread_blocked, id=32760, stack(0x0000009246a00000,0x0000009246b00000)]
  0x0000022f557eb800 JavaThread "AWT-Shutdown" [_thread_blocked, id=39320, stack(0x0000009246b00000,0x0000009246c00000)]
=>0x0000022f557f1000 JavaThread "AWT-Windows" daemon [_thread_in_native, id=35336, stack(0x0000009246c00000,0x0000009246d00000)]
  0x0000022f557fd800 JavaThread "AWT-EventQueue-0" [_thread_blocked, id=34668, stack(0x0000009246d00000,0x0000009246e00000)]
  0x0000022f35bdc000 JavaThread "DestroyJavaVM" [_thread_blocked, id=34288, stack(0x0000009245900000,0x0000009245a00000)]
  0x0000022f56368800 JavaThread "TimerQueue" daemon [_thread_blocked, id=37900, stack(0x0000009247d00000,0x0000009247e00000)]
  0x0000022f55730000 JavaThread "ToolkitShutdown" daemon [_thread_in_native, id=24340, stack(0x0000009248000000,0x0000009248100000)]

Other Threads:
  0x0000022f54b1d000 VMThread "VM Thread" [stack: 0x0000009245f00000,0x0000009246000000] [id=31364]
  0x0000022f555a6800 WatcherThread [stack: 0x0000009246800000,0x0000009246900000] [id=26832]
  0x0000022f35c21000 GCTaskThread "GC Thread#0" [stack: 0x0000009245a00000,0x0000009245b00000] [id=37472]
  0x0000022f560af800 GCTaskThread "GC Thread#1" [stack: 0x0000009248300000,0x0000009248400000] [id=23512]
  0x0000022f5dc18000 GCTaskThread "GC Thread#2" [stack: 0x0000009248400000,0x0000009248500000] [id=6636]
  0x0000022f5dc18800 GCTaskThread "GC Thread#3" [stack: 0x0000009248500000,0x0000009248600000] [id=32428]
  0x0000022f5dc19800 GCTaskThread "GC Thread#4" [stack: 0x0000009248600000,0x0000009248700000] [id=24092]
  0x0000022f5dc23800 GCTaskThread "GC Thread#5" [stack: 0x0000009248700000,0x0000009248800000] [id=35436]
  0x0000022f35c34800 ConcurrentGCThread "G1 Main Marker" [stack: 0x0000009245b00000,0x0000009245c00000] [id=40304]
  0x0000022f35c36800 ConcurrentGCThread "G1 Conc#0" [stack: 0x0000009245c00000,0x0000009245d00000] [id=37848]
  0x0000022f35cae800 ConcurrentGCThread "G1 Refine#0" [stack: 0x0000009245d00000,0x0000009245e00000] [id=17364]
  0x0000022f5499a000 ConcurrentGCThread "G1 Young RemSet Sampling" [stack: 0x0000009245e00000,0x0000009245f00000] [id=29416]

Threads with active compile tasks:

VM state:not at safepoint (normal execution)

VM Mutex/Monitor currently owned by a thread: None

Heap address: 0x0000000080a00000, size: 2038 MB, Compressed Oops mode: 32-bit
Narrow klass base: 0x0000000800000000, Narrow klass shift: 3
Compressed class space size: 1073741824 Address: 0x0000000800b40000

Heap:
 garbage-first heap   total 131072K, used 22019K [0x0000000080a00000, 0x0000000100000000)
  region size 1024K, 17 young (17408K), 3 survivors (3072K)
 Metaspace       used 15784K, capacity 16129K, committed 16384K, reserved 1062912K
  class space    used 1869K, capacity 2009K, committed 2048K, reserved 1048576K
Heap Regions: E=young(eden), S=young(survivor), O=old, HS=humongous(starts), HC=humongous(continues), CS=collection set, F=free, A=archive, TAMS=top-at-mark-start (previous, next)
|   0|0x0000000080a00000, 0x0000000080b00000, 0x0000000080b00000|100%| O|  |TAMS 0x0000000080a00000, 0x0000000080a00000| Untracked 
|   1|0x0000000080b00000, 0x0000000080b80c00, 0x0000000080c00000| 50%| O|  |TAMS 0x0000000080b00000, 0x0000000080b00000| Untracked 
|   2|0x0000000080c00000, 0x0000000080d00000, 0x0000000080d00000|100%|HS|  |TAMS 0x0000000080c00000, 0x0000000080c00000| Complete 
|   3|0x0000000080d00000, 0x0000000080e00000, 0x0000000080e00000|100%|HC|  |TAMS 0x0000000080d00000, 0x0000000080d00000| Complete 
|   4|0x0000000080e00000, 0x0000000080f00000, 0x0000000080f00000|100%|HS|  |TAMS 0x0000000080e00000, 0x0000000080e00000| Complete 
|   5|0x0000000080f00000, 0x0000000081000000, 0x0000000081000000|100%|HC|  |TAMS 0x0000000080f00000, 0x0000000080f00000| Complete 
|   6|0x0000000081000000, 0x0000000081000000, 0x0000000081100000|  0%| F|  |TAMS 0x0000000081000000, 0x0000000081000000| Untracked 
|   7|0x0000000081100000, 0x0000000081100000, 0x0000000081200000|  0%| F|  |TAMS 0x0000000081100000, 0x0000000081100000| Untracked 
|   8|0x0000000081200000, 0x0000000081200000, 0x0000000081300000|  0%| F|  |TAMS 0x0000000081200000, 0x0000000081200000| Untracked 
|   9|0x0000000081300000, 0x0000000081300000, 0x0000000081400000|  0%| F|  |TAMS 0x0000000081300000, 0x0000000081300000| Untracked 
|  10|0x0000000081400000, 0x0000000081400000, 0x0000000081500000|  0%| F|  |TAMS 0x0000000081400000, 0x0000000081400000| Untracked 
|  11|0x0000000081500000, 0x0000000081500000, 0x0000000081600000|  0%| F|  |TAMS 0x0000000081500000, 0x0000000081500000| Untracked 
|  12|0x0000000081600000, 0x0000000081600000, 0x0000000081700000|  0%| F|  |TAMS 0x0000000081600000, 0x0000000081600000| Untracked 
|  13|0x0000000081700000, 0x0000000081700000, 0x0000000081800000|  0%| F|  |TAMS 0x0000000081700000, 0x0000000081700000| Untracked 
|  14|0x0000000081800000, 0x0000000081800000, 0x0000000081900000|  0%| F|  |TAMS 0x0000000081800000, 0x0000000081800000| Untracked 
|  15|0x0000000081900000, 0x0000000081900000, 0x0000000081a00000|  0%| F|  |TAMS 0x0000000081900000, 0x0000000081900000| Untracked 
|  16|0x0000000081a00000, 0x0000000081a00000, 0x0000000081b00000|  0%| F|  |TAMS 0x0000000081a00000, 0x0000000081a00000| Untracked 
|  17|0x0000000081b00000, 0x0000000081b00000, 0x0000000081c00000|  0%| F|  |TAMS 0x0000000081b00000, 0x0000000081b00000| Untracked 
|  18|0x0000000081c00000, 0x0000000081c00000, 0x0000000081d00000|  0%| F|  |TAMS 0x0000000081c00000, 0x0000000081c00000| Untracked 
|  19|0x0000000081d00000, 0x0000000081d00000, 0x0000000081e00000|  0%| F|  |TAMS 0x0000000081d00000, 0x0000000081d00000| Untracked 
|  20|0x0000000081e00000, 0x0000000081e00000, 0x0000000081f00000|  0%| F|  |TAMS 0x0000000081e00000, 0x0000000081e00000| Untracked 
|  21|0x0000000081f00000, 0x0000000081f00000, 0x0000000082000000|  0%| F|  |TAMS 0x0000000081f00000, 0x0000000081f00000| Untracked 
|  22|0x0000000082000000, 0x0000000082000000, 0x0000000082100000|  0%| F|  |TAMS 0x0000000082000000, 0x0000000082000000| Untracked 
|  23|0x0000000082100000, 0x0000000082100000, 0x0000000082200000|  0%| F|  |TAMS 0x0000000082100000, 0x0000000082100000| Untracked 
|  24|0x0000000082200000, 0x0000000082200000, 0x0000000082300000|  0%| F|  |TAMS 0x0000000082200000, 0x0000000082200000| Untracked 
|  25|0x0000000082300000, 0x0000000082300000, 0x0000000082400000|  0%| F|  |TAMS 0x0000000082300000, 0x0000000082300000| Untracked 
|  26|0x0000000082400000, 0x0000000082400000, 0x0000000082500000|  0%| F|  |TAMS 0x0000000082400000, 0x0000000082400000| Untracked 
|  27|0x0000000082500000, 0x0000000082500000, 0x0000000082600000|  0%| F|  |TAMS 0x0000000082500000, 0x0000000082500000| Untracked 
|  28|0x0000000082600000, 0x0000000082600000, 0x0000000082700000|  0%| F|  |TAMS 0x0000000082600000, 0x0000000082600000| Untracked 
|  29|0x0000000082700000, 0x0000000082700000, 0x0000000082800000|  0%| F|  |TAMS 0x0000000082700000, 0x0000000082700000| Untracked 
|  30|0x0000000082800000, 0x0000000082800000, 0x0000000082900000|  0%| F|  |TAMS 0x0000000082800000, 0x0000000082800000| Untracked 
|  31|0x0000000082900000, 0x0000000082900000, 0x0000000082a00000|  0%| F|  |TAMS 0x0000000082900000, 0x0000000082900000| Untracked 
|  32|0x0000000082a00000, 0x0000000082a00000, 0x0000000082b00000|  0%| F|  |TAMS 0x0000000082a00000, 0x0000000082a00000| Untracked 
|  33|0x0000000082b00000, 0x0000000082b00000, 0x0000000082c00000|  0%| F|  |TAMS 0x0000000082b00000, 0x0000000082b00000| Untracked 
|  34|0x0000000082c00000, 0x0000000082c00000, 0x0000000082d00000|  0%| F|  |TAMS 0x0000000082c00000, 0x0000000082c00000| Untracked 
|  35|0x0000000082d00000, 0x0000000082d00000, 0x0000000082e00000|  0%| F|  |TAMS 0x0000000082d00000, 0x0000000082d00000| Untracked 
|  36|0x0000000082e00000, 0x0000000082e00000, 0x0000000082f00000|  0%| F|  |TAMS 0x0000000082e00000, 0x0000000082e00000| Untracked 
|  37|0x0000000082f00000, 0x0000000082f00000, 0x0000000083000000|  0%| F|  |TAMS 0x0000000082f00000, 0x0000000082f00000| Untracked 
|  38|0x0000000083000000, 0x0000000083000000, 0x0000000083100000|  0%| F|  |TAMS 0x0000000083000000, 0x0000000083000000| Untracked 
|  39|0x0000000083100000, 0x0000000083100000, 0x0000000083200000|  0%| F|  |TAMS 0x0000000083100000, 0x0000000083100000| Untracked 
|  40|0x0000000083200000, 0x0000000083200000, 0x0000000083300000|  0%| F|  |TAMS 0x0000000083200000, 0x0000000083200000| Untracked 
|  41|0x0000000083300000, 0x0000000083300000, 0x0000000083400000|  0%| F|  |TAMS 0x0000000083300000, 0x0000000083300000| Untracked 
|  42|0x0000000083400000, 0x0000000083400000, 0x0000000083500000|  0%| F|  |TAMS 0x0000000083400000, 0x0000000083400000| Untracked 
|  43|0x0000000083500000, 0x0000000083500000, 0x0000000083600000|  0%| F|  |TAMS 0x0000000083500000, 0x0000000083500000| Untracked 
|  44|0x0000000083600000, 0x0000000083600000, 0x0000000083700000|  0%| F|  |TAMS 0x0000000083600000, 0x0000000083600000| Untracked 
|  45|0x0000000083700000, 0x0000000083700000, 0x0000000083800000|  0%| F|  |TAMS 0x0000000083700000, 0x0000000083700000| Untracked 
|  46|0x0000000083800000, 0x0000000083800000, 0x0000000083900000|  0%| F|  |TAMS 0x0000000083800000, 0x0000000083800000| Untracked 
|  47|0x0000000083900000, 0x0000000083900000, 0x0000000083a00000|  0%| F|  |TAMS 0x0000000083900000, 0x0000000083900000| Untracked 
|  48|0x0000000083a00000, 0x0000000083a00000, 0x0000000083b00000|  0%| F|  |TAMS 0x0000000083a00000, 0x0000000083a00000| Untracked 
|  49|0x0000000083b00000, 0x0000000083b00000, 0x0000000083c00000|  0%| F|  |TAMS 0x0000000083b00000, 0x0000000083b00000| Untracked 
|  50|0x0000000083c00000, 0x0000000083c00000, 0x0000000083d00000|  0%| F|  |TAMS 0x0000000083c00000, 0x0000000083c00000| Untracked 
|  51|0x0000000083d00000, 0x0000000083d00000, 0x0000000083e00000|  0%| F|  |TAMS 0x0000000083d00000, 0x0000000083d00000| Untracked 
|  52|0x0000000083e00000, 0x0000000083e00000, 0x0000000083f00000|  0%| F|  |TAMS 0x0000000083e00000, 0x0000000083e00000| Untracked 
|  53|0x0000000083f00000, 0x0000000083f00000, 0x0000000084000000|  0%| F|  |TAMS 0x0000000083f00000, 0x0000000083f00000| Untracked 
|  54|0x0000000084000000, 0x0000000084000000, 0x0000000084100000|  0%| F|  |TAMS 0x0000000084000000, 0x0000000084000000| Untracked 
|  55|0x0000000084100000, 0x0000000084100000, 0x0000000084200000|  0%| F|  |TAMS 0x0000000084100000, 0x0000000084100000| Untracked 
|  56|0x0000000084200000, 0x0000000084200000, 0x0000000084300000|  0%| F|  |TAMS 0x0000000084200000, 0x0000000084200000| Untracked 
|  57|0x0000000084300000, 0x0000000084300000, 0x0000000084400000|  0%| F|  |TAMS 0x0000000084300000, 0x0000000084300000| Untracked 
|  58|0x0000000084400000, 0x0000000084400000, 0x0000000084500000|  0%| F|  |TAMS 0x0000000084400000, 0x0000000084400000| Untracked 
|  59|0x0000000084500000, 0x0000000084500000, 0x0000000084600000|  0%| F|  |TAMS 0x0000000084500000, 0x0000000084500000| Untracked 
|  60|0x0000000084600000, 0x0000000084600000, 0x0000000084700000|  0%| F|  |TAMS 0x0000000084600000, 0x0000000084600000| Untracked 
|  61|0x0000000084700000, 0x0000000084700000, 0x0000000084800000|  0%| F|  |TAMS 0x0000000084700000, 0x0000000084700000| Untracked 
|  62|0x0000000084800000, 0x0000000084800000, 0x0000000084900000|  0%| F|  |TAMS 0x0000000084800000, 0x0000000084800000| Untracked 
|  63|0x0000000084900000, 0x0000000084900000, 0x0000000084a00000|  0%| F|  |TAMS 0x0000000084900000, 0x0000000084900000| Untracked 
|  64|0x0000000084a00000, 0x0000000084a00000, 0x0000000084b00000|  0%| F|  |TAMS 0x0000000084a00000, 0x0000000084a00000| Untracked 
|  65|0x0000000084b00000, 0x0000000084b00000, 0x0000000084c00000|  0%| F|  |TAMS 0x0000000084b00000, 0x0000000084b00000| Untracked 
|  66|0x0000000084c00000, 0x0000000084c00000, 0x0000000084d00000|  0%| F|  |TAMS 0x0000000084c00000, 0x0000000084c00000| Untracked 
|  67|0x0000000084d00000, 0x0000000084d00000, 0x0000000084e00000|  0%| F|  |TAMS 0x0000000084d00000, 0x0000000084d00000| Untracked 
|  68|0x0000000084e00000, 0x0000000084e00000, 0x0000000084f00000|  0%| F|  |TAMS 0x0000000084e00000, 0x0000000084e00000| Untracked 
|  69|0x0000000084f00000, 0x0000000084f00000, 0x0000000085000000|  0%| F|  |TAMS 0x0000000084f00000, 0x0000000084f00000| Untracked 
|  70|0x0000000085000000, 0x0000000085000000, 0x0000000085100000|  0%| F|  |TAMS 0x0000000085000000, 0x0000000085000000| Untracked 
|  71|0x0000000085100000, 0x0000000085100000, 0x0000000085200000|  0%| F|  |TAMS 0x0000000085100000, 0x0000000085100000| Untracked 
|  72|0x0000000085200000, 0x0000000085200000, 0x0000000085300000|  0%| F|  |TAMS 0x0000000085200000, 0x0000000085200000| Untracked 
|  73|0x0000000085300000, 0x0000000085300000, 0x0000000085400000|  0%| F|  |TAMS 0x0000000085300000, 0x0000000085300000| Untracked 
|  74|0x0000000085400000, 0x0000000085400000, 0x0000000085500000|  0%| F|  |TAMS 0x0000000085400000, 0x0000000085400000| Untracked 
|  75|0x0000000085500000, 0x0000000085500000, 0x0000000085600000|  0%| F|  |TAMS 0x0000000085500000, 0x0000000085500000| Untracked 
|  76|0x0000000085600000, 0x0000000085600000, 0x0000000085700000|  0%| F|  |TAMS 0x0000000085600000, 0x0000000085600000| Untracked 
|  77|0x0000000085700000, 0x0000000085700000, 0x0000000085800000|  0%| F|  |TAMS 0x0000000085700000, 0x0000000085700000| Untracked 
|  78|0x0000000085800000, 0x0000000085800000, 0x0000000085900000|  0%| F|  |TAMS 0x0000000085800000, 0x0000000085800000| Untracked 
|  79|0x0000000085900000, 0x0000000085900000, 0x0000000085a00000|  0%| F|  |TAMS 0x0000000085900000, 0x0000000085900000| Untracked 
|  80|0x0000000085a00000, 0x0000000085a00000, 0x0000000085b00000|  0%| F|  |TAMS 0x0000000085a00000, 0x0000000085a00000| Untracked 
|  81|0x0000000085b00000, 0x0000000085b00000, 0x0000000085c00000|  0%| F|  |TAMS 0x0000000085b00000, 0x0000000085b00000| Untracked 
|  82|0x0000000085c00000, 0x0000000085c00000, 0x0000000085d00000|  0%| F|  |TAMS 0x0000000085c00000, 0x0000000085c00000| Untracked 
|  83|0x0000000085d00000, 0x0000000085d00000, 0x0000000085e00000|  0%| F|  |TAMS 0x0000000085d00000, 0x0000000085d00000| Untracked 
|  84|0x0000000085e00000, 0x0000000085e00000, 0x0000000085f00000|  0%| F|  |TAMS 0x0000000085e00000, 0x0000000085e00000| Untracked 
|  85|0x0000000085f00000, 0x0000000085f00000, 0x0000000086000000|  0%| F|  |TAMS 0x0000000085f00000, 0x0000000085f00000| Untracked 
|  86|0x0000000086000000, 0x0000000086000000, 0x0000000086100000|  0%| F|  |TAMS 0x0000000086000000, 0x0000000086000000| Untracked 
|  87|0x0000000086100000, 0x0000000086100000, 0x0000000086200000|  0%| F|  |TAMS 0x0000000086100000, 0x0000000086100000| Untracked 
|  88|0x0000000086200000, 0x0000000086200000, 0x0000000086300000|  0%| F|  |TAMS 0x0000000086200000, 0x0000000086200000| Untracked 
|  89|0x0000000086300000, 0x0000000086300000, 0x0000000086400000|  0%| F|  |TAMS 0x0000000086300000, 0x0000000086300000| Untracked 
|  90|0x0000000086400000, 0x0000000086400000, 0x0000000086500000|  0%| F|  |TAMS 0x0000000086400000, 0x0000000086400000| Untracked 
|  91|0x0000000086500000, 0x0000000086500000, 0x0000000086600000|  0%| F|  |TAMS 0x0000000086500000, 0x0000000086500000| Untracked 
|  92|0x0000000086600000, 0x0000000086600000, 0x0000000086700000|  0%| F|  |TAMS 0x0000000086600000, 0x0000000086600000| Untracked 
|  93|0x0000000086700000, 0x0000000086700000, 0x0000000086800000|  0%| F|  |TAMS 0x0000000086700000, 0x0000000086700000| Untracked 
|  94|0x0000000086800000, 0x0000000086800000, 0x0000000086900000|  0%| F|  |TAMS 0x0000000086800000, 0x0000000086800000| Untracked 
|  95|0x0000000086900000, 0x0000000086900000, 0x0000000086a00000|  0%| F|  |TAMS 0x0000000086900000, 0x0000000086900000| Untracked 
|  96|0x0000000086a00000, 0x0000000086a00000, 0x0000000086b00000|  0%| F|  |TAMS 0x0000000086a00000, 0x0000000086a00000| Untracked 
|  97|0x0000000086b00000, 0x0000000086b00000, 0x0000000086c00000|  0%| F|  |TAMS 0x0000000086b00000, 0x0000000086b00000| Untracked 
|  98|0x0000000086c00000, 0x0000000086c00000, 0x0000000086d00000|  0%| F|  |TAMS 0x0000000086c00000, 0x0000000086c00000| Untracked 
|  99|0x0000000086d00000, 0x0000000086d00000, 0x0000000086e00000|  0%| F|  |TAMS 0x0000000086d00000, 0x0000000086d00000| Untracked 
| 100|0x0000000086e00000, 0x0000000086e00000, 0x0000000086f00000|  0%| F|  |TAMS 0x0000000086e00000, 0x0000000086e00000| Untracked 
| 101|0x0000000086f00000, 0x0000000087000000, 0x0000000087000000|100%| S|CS|TAMS 0x0000000086f00000, 0x0000000086f00000| Complete 
| 102|0x0000000087000000, 0x0000000087100000, 0x0000000087100000|100%| S|CS|TAMS 0x0000000087000000, 0x0000000087000000| Complete 
| 103|0x0000000087100000, 0x0000000087200000, 0x0000000087200000|100%| S|CS|TAMS 0x0000000087100000, 0x0000000087100000| Complete 
| 104|0x0000000087200000, 0x0000000087200000, 0x0000000087300000|  0%| F|  |TAMS 0x0000000087200000, 0x0000000087200000| Untracked 
| 105|0x0000000087300000, 0x0000000087300000, 0x0000000087400000|  0%| F|  |TAMS 0x0000000087300000, 0x0000000087300000| Untracked 
| 106|0x0000000087400000, 0x0000000087400000, 0x0000000087500000|  0%| F|  |TAMS 0x0000000087400000, 0x0000000087400000| Untracked 
| 107|0x0000000087500000, 0x0000000087500000, 0x0000000087600000|  0%| F|  |TAMS 0x0000000087500000, 0x0000000087500000| Untracked 
| 108|0x0000000087600000, 0x0000000087600000, 0x0000000087700000|  0%| F|  |TAMS 0x0000000087600000, 0x0000000087600000| Untracked 
| 109|0x0000000087700000, 0x0000000087700000, 0x0000000087800000|  0%| F|  |TAMS 0x0000000087700000, 0x0000000087700000| Untracked 
| 110|0x0000000087800000, 0x0000000087800000, 0x0000000087900000|  0%| F|  |TAMS 0x0000000087800000, 0x0000000087800000| Untracked 
| 111|0x0000000087900000, 0x0000000087900000, 0x0000000087a00000|  0%| F|  |TAMS 0x0000000087900000, 0x0000000087900000| Untracked 
| 112|0x0000000087a00000, 0x0000000087a00000, 0x0000000087b00000|  0%| F|  |TAMS 0x0000000087a00000, 0x0000000087a00000| Untracked 
| 113|0x0000000087b00000, 0x0000000087b00000, 0x0000000087c00000|  0%| F|  |TAMS 0x0000000087b00000, 0x0000000087b00000| Untracked 
| 114|0x0000000087c00000, 0x0000000087c14fc0, 0x0000000087d00000|  8%| E|  |TAMS 0x0000000087c00000, 0x0000000087c00000| Complete 
| 115|0x0000000087d00000, 0x0000000087e00000, 0x0000000087e00000|100%| E|CS|TAMS 0x0000000087d00000, 0x0000000087d00000| Complete 
| 116|0x0000000087e00000, 0x0000000087f00000, 0x0000000087f00000|100%| E|CS|TAMS 0x0000000087e00000, 0x0000000087e00000| Complete 
| 117|0x0000000087f00000, 0x0000000088000000, 0x0000000088000000|100%| E|CS|TAMS 0x0000000087f00000, 0x0000000087f00000| Complete 
| 118|0x0000000088000000, 0x0000000088100000, 0x0000000088100000|100%| E|CS|TAMS 0x0000000088000000, 0x0000000088000000| Complete 
| 119|0x0000000088100000, 0x0000000088200000, 0x0000000088200000|100%| E|CS|TAMS 0x0000000088100000, 0x0000000088100000| Complete 
| 120|0x0000000088200000, 0x0000000088300000, 0x0000000088300000|100%| E|CS|TAMS 0x0000000088200000, 0x0000000088200000| Complete 
| 121|0x0000000088300000, 0x0000000088400000, 0x0000000088400000|100%| E|CS|TAMS 0x0000000088300000, 0x0000000088300000| Complete 
| 122|0x0000000088400000, 0x0000000088500000, 0x0000000088500000|100%| E|CS|TAMS 0x0000000088400000, 0x0000000088400000| Complete 
| 123|0x0000000088500000, 0x0000000088600000, 0x0000000088600000|100%| E|CS|TAMS 0x0000000088500000, 0x0000000088500000| Complete 
| 124|0x0000000088600000, 0x0000000088700000, 0x0000000088700000|100%| E|CS|TAMS 0x0000000088600000, 0x0000000088600000| Complete 
| 125|0x0000000088700000, 0x0000000088800000, 0x0000000088800000|100%| E|CS|TAMS 0x0000000088700000, 0x0000000088700000| Complete 
| 126|0x0000000088800000, 0x0000000088900000, 0x0000000088900000|100%| E|CS|TAMS 0x0000000088800000, 0x0000000088800000| Complete 
| 127|0x0000000088900000, 0x0000000088a00000, 0x0000000088a00000|100%| E|CS|TAMS 0x0000000088900000, 0x0000000088900000| Complete 

Card table byte_map: [0x0000022f4d930000,0x0000022f4dd30000] _byte_map_base: 0x0000022f4d52b000

Marking Bits (Prev, Next): (CMBitMap*) 0x0000022f35c21b48, (CMBitMap*) 0x0000022f35c21b88
 Prev Bits: [0x0000022f4e130000, 0x0000022f50108000)
 Next Bits: [0x0000022f50110000, 0x0000022f520e8000)

Polling page: 0x0000022f33b20000

Metaspace:

Usage:
  Non-class:     13.79 MB capacity,    13.59 MB ( 99%) used,   169.70 KB (  1%) free+waste,    34.63 KB ( <1%) overhead. 
      Class:      1.96 MB capacity,     1.83 MB ( 93%) used,   120.02 KB (  6%) free+waste,    19.88 KB ( <1%) overhead. 
       Both:     15.75 MB capacity,    15.41 MB ( 98%) used,   289.71 KB (  2%) free+waste,    54.50 KB ( <1%) overhead. 

Virtual space:
  Non-class space:       14.00 MB reserved,      14.00 MB (100%) committed 
      Class space:        1.00 GB reserved,       2.00 MB ( <1%) committed 
             Both:        1.01 GB reserved,      16.00 MB (  2%) committed 

Chunk freelists:
   Non-Class:  24.00 KB
       Class:  7.00 KB
        Both:  31.00 KB

MaxMetaspaceSize: 17179869184.00 GB
CompressedClassSpaceSize: 1.00 GB

CodeHeap 'non-profiled nmethods': size=120000Kb used=1178Kb max_used=1178Kb free=118822Kb
 bounds [0x0000022f45bb0000, 0x0000022f45e20000, 0x0000022f4d0e0000]
CodeHeap 'profiled nmethods': size=120000Kb used=6614Kb max_used=6614Kb free=113385Kb
 bounds [0x0000022f3e680000, 0x0000022f3ed00000, 0x0000022f45bb0000]
CodeHeap 'non-nmethods': size=5760Kb used=1353Kb max_used=1407Kb free=4406Kb
 bounds [0x0000022f3e0e0000, 0x0000022f3e350000, 0x0000022f3e680000]
 total_blobs=4458 nmethods=2970 adapters=556
 compilation: enabled
              stopped_count=0, restarted_count=0
 full_count=0

Compilation events (20 events):
Event: 40.547 Thread 0x0000022f54b66000 2961       1       java.awt.image.SampleModel::getHeight (5 bytes)
Event: 40.547 Thread 0x0000022f54b66000 nmethod 2961 0x0000022f45cd5210 code [0x0000022f45cd53a0, 0x0000022f45cd54d8]
Event: 40.547 Thread 0x0000022f54b66000 2962       1       java.awt.image.DataBuffer::getNumBanks (5 bytes)
Event: 40.547 Thread 0x0000022f54b66000 nmethod 2962 0x0000022f45cd5590 code [0x0000022f45cd5720, 0x0000022f45cd5858]
Event: 40.570 Thread 0x0000022f54b66000 2964       1       java.awt.image.DataBuffer::getDataType (5 bytes)
Event: 40.571 Thread 0x0000022f54b66000 nmethod 2964 0x0000022f45cd5d90 code [0x0000022f45cd5f20, 0x0000022f45cd6058]
Event: 45.781 Thread 0x0000022f54b66000 2965   !   3       java.awt.KeyboardFocusManager::processCurrentLightweightRequests (345 bytes)
Event: 45.783 Thread 0x0000022f54b66000 nmethod 2965 0x0000022f3eceb410 code [0x0000022f3eceb860, 0x0000022f3ecedf00]
Event: 45.787 Thread 0x0000022f54b66000 2966       3       java.util.WeakHashMap::put (162 bytes)
Event: 45.788 Thread 0x0000022f54b66000 nmethod 2966 0x0000022f3eceed90 code [0x0000022f3ecef020, 0x0000022f3ecf0040]
Event: 49.407 Thread 0x0000022f54b66000 2967   !   3       java.awt.EventQueue::removeSourceEvents (316 bytes)
Event: 49.408 Thread 0x0000022f54b66000 nmethod 2967 0x0000022f3ecf0590 code [0x0000022f3ecf08e0, 0x0000022f3ecf2820]
Event: 49.408 Thread 0x0000022f54b66000 2968   !   3       java.awt.KeyboardFocusManager::clearMostRecentFocusOwner (110 bytes)
Event: 49.409 Thread 0x0000022f54b66000 nmethod 2968 0x0000022f3ecf3210 code [0x0000022f3ecf34e0, 0x0000022f3ecf4e10]
Event: 49.409 Thread 0x0000022f54b66000 2969       3       java.awt.Container::containsFocus (13 bytes)
Event: 49.409 Thread 0x0000022f54b66000 nmethod 2969 0x0000022f3ecf5410 code [0x0000022f3ecf5600, 0x0000022f3ecf5940]
Event: 49.409 Thread 0x0000022f54b66000 2970       1       javax.swing.JInternalFrame::isIcon (5 bytes)
Event: 49.409 Thread 0x0000022f54b66000 nmethod 2970 0x0000022f45cd6110 code [0x0000022f45cd62a0, 0x0000022f45cd63d8]
Event: 49.411 Thread 0x0000022f54b65000 2971       4       java.lang.invoke.DirectMethodHandle$Holder::invokeStatic (14 bytes)
Event: 49.412 Thread 0x0000022f54b65000 nmethod 2971 0x0000022f45cd6490 code [0x0000022f45cd6620, 0x0000022f45cd66c8]

GC Heap History (2 events):
Event: 18.673 GC heap before
{Heap before GC invocations=0 (full 0):
 garbage-first heap   total 131072K, used 23552K [0x0000000080a00000, 0x0000000100000000)
  region size 1024K, 24 young (24576K), 0 survivors (0K)
 Metaspace       used 14470K, capacity 14782K, committed 14976K, reserved 1062912K
  class space    used 1725K, capacity 1854K, committed 1920K, reserved 1048576K
}
Event: 18.678 GC heap after
{Heap after GC invocations=1 (full 0):
 garbage-first heap   total 131072K, used 4611K [0x0000000080a00000, 0x0000000100000000)
  region size 1024K, 3 young (3072K), 3 survivors (3072K)
 Metaspace       used 14470K, capacity 14782K, committed 14976K, reserved 1062912K
  class space    used 1725K, capacity 1854K, committed 1920K, reserved 1048576K
}

Deoptimization events (20 events):
Event: 18.684 Thread 0x0000022f557fd800 Uncommon trap: trap_request=0xffffff45 fr.pc=0x0000022f45c17a78 relative=0x00000000000000d8
Event: 18.684 Thread 0x0000022f557fd800 Uncommon trap: reason=unstable_if action=reinterpret pc=0x0000022f45c17a78 method=java.lang.ref.SoftReference.get()Ljava/lang/Object; @ 17 c2
Event: 18.684 Thread 0x0000022f557fd800 DEOPT PACKING pc=0x0000022f45c17a78 sp=0x0000009246dfca70
Event: 18.684 Thread 0x0000022f557fd800 DEOPT UNPACKING pc=0x0000022f3e12912f sp=0x0000009246dfca20 mode 2
Event: 18.719 Thread 0x0000022f557fd800 Uncommon trap: trap_request=0xffffff45 fr.pc=0x0000022f45c037bc relative=0x000000000000021c
Event: 18.719 Thread 0x0000022f557fd800 Uncommon trap: reason=unstable_if action=reinterpret pc=0x0000022f45c037bc method=java.lang.String.startsWith(Ljava/lang/String;I)Z @ 14 c2
Event: 18.719 Thread 0x0000022f557fd800 DEOPT PACKING pc=0x0000022f45c037bc sp=0x0000009246dfd500
Event: 18.719 Thread 0x0000022f557fd800 DEOPT UNPACKING pc=0x0000022f3e12912f sp=0x0000009246dfd460 mode 2
Event: 18.762 Thread 0x0000022f557fd800 Uncommon trap: trap_request=0xffffff45 fr.pc=0x0000022f45c4b604 relative=0x0000000000000064
Event: 18.762 Thread 0x0000022f557fd800 Uncommon trap: reason=unstable_if action=reinterpret pc=0x0000022f45c4b604 method=java.util.IdentityHashMap.isEmpty()Z @ 4 c2
Event: 18.762 Thread 0x0000022f557fd800 DEOPT PACKING pc=0x0000022f45c4b604 sp=0x0000009246dfea00
Event: 18.762 Thread 0x0000022f557fd800 DEOPT UNPACKING pc=0x0000022f3e12912f sp=0x0000009246dfe988 mode 2
Event: 23.317 Thread 0x0000022f557fd800 Uncommon trap: trap_request=0xffffff45 fr.pc=0x0000022f45c5ea4c relative=0x000000000000012c
Event: 23.317 Thread 0x0000022f557fd800 Uncommon trap: reason=unstable_if action=reinterpret pc=0x0000022f45c5ea4c method=java.awt.geom.AffineTransform.equals(Ljava/lang/Object;)Z @ 23 c2
Event: 23.317 Thread 0x0000022f557fd800 DEOPT PACKING pc=0x0000022f45c5ea4c sp=0x0000009246dfe1b0
Event: 23.318 Thread 0x0000022f557fd800 DEOPT UNPACKING pc=0x0000022f3e12912f sp=0x0000009246dfe138 mode 2
Event: 23.614 Thread 0x0000022f557fd800 Uncommon trap: trap_request=0xffffff45 fr.pc=0x0000022f45c276c4 relative=0x0000000000000824
Event: 23.614 Thread 0x0000022f557fd800 Uncommon trap: reason=unstable_if action=reinterpret pc=0x0000022f45c276c4 method=java.awt.Container.findComponentAtImpl(IIZ)Ljava/awt/Component; @ 131 c2
Event: 23.614 Thread 0x0000022f557fd800 DEOPT PACKING pc=0x0000022f45c276c4 sp=0x0000009246dfe830
Event: 23.614 Thread 0x0000022f557fd800 DEOPT UNPACKING pc=0x0000022f3e12912f sp=0x0000009246dfe6b0 mode 2

Classes unloaded (0 events):
No events

Classes redefined (0 events):
No events

Internal exceptions (16 events):
Event: 0.074 Thread 0x0000022f35bdc000 Exception <a 'java/lang/ClassNotFoundException'{0x000000008885b7a0}: sun/awt/resources/spi/awtProvider> (0x000000008885b7a0) 
thrown [t:/workspace/open/src/hotspot/share/classfile/systemDictionary.cpp, line 232]
Event: 0.094 Thread 0x0000022f35bdc000 Exception <a 'java/io/FileNotFoundException'{0x00000000888b0b30}> (0x00000000888b0b30) 
thrown [t:/workspace/open/src/hotspot/share/prims/jni.cpp, line 598]
Event: 0.102 Thread 0x0000022f35bdc000 Exception <a 'java/io/FileNotFoundException'{0x00000000888d71a0}> (0x00000000888d71a0) 
thrown [t:/workspace/open/src/hotspot/share/prims/jni.cpp, line 598]
Event: 0.151 Thread 0x0000022f557f1000 Exception <a 'java/lang/NoSuchMethodError'{0x0000000088780548}: 'void java.lang.invoke.DirectMethodHandle$Holder.invokeSpecial(java.lang.Object, java.lang.Object)'> (0x0000000088780548) 
thrown [t:/workspace/open/src/hotspot/share/interpreter/linkResolver.cpp, line 767]
Event: 0.283 Thread 0x0000022f557fd800 Exception <a 'java/lang/NoSuchMethodError'{0x0000000088672808}: 'java.lang.Object java.lang.invoke.DirectMethodHandle$Holder.invokeStatic(java.lang.Object, int, java.lang.Object, java.lang.Object, java.lang.Object, java.lang.Object)'> (0x0000000088672808) 
thrown [t:/workspace/open/src/hotspot/share/interpreter/linkResolver.cpp, line 767]
Event: 0.283 Thread 0x0000022f557fd800 Exception <a 'java/lang/NoSuchMethodError'{0x0000000088679168}: 'java.lang.Object java.lang.invoke.DirectMethodHandle$Holder.invokeStatic(java.lang.Object, int, java.lang.Object, java.lang.Object, java.lang.Object)'> (0x0000000088679168) 
thrown [t:/workspace/open/src/hotspot/share/interpreter/linkResolver.cpp, line 767]
Event: 0.283 Thread 0x0000022f557fd800 Exception <a 'java/lang/NoSuchMethodError'{0x000000008867cef8}: 'java.lang.Object java.lang.invoke.DirectMethodHandle$Holder.invokeSpecial(java.lang.Object, java.lang.Object, int, java.lang.Object, java.lang.Object, java.lang.Object)'> (0x000000008867cef8) 
thrown [t:/workspace/open/src/hotspot/share/interpreter/linkResolver.cpp, line 767]
Event: 0.285 Thread 0x0000022f557fd800 Exception <a 'java/lang/NoSuchMethodError'{0x0000000088693220}: 'java.lang.Object java.lang.invoke.DirectMethodHandle$Holder.invokeStatic(java.lang.Object, int, java.lang.Object)'> (0x0000000088693220) 
thrown [t:/workspace/open/src/hotspot/share/interpreter/linkResolver.cpp, line 767]
Event: 0.302 Thread 0x0000022f557fd800 Exception <a 'java/lang/ClassNotFoundException'{0x0000000088536b10}: com/sun/swing/internal/plaf/metal/resources/spi/metalProvider> (0x0000000088536b10) 
thrown [t:/workspace/open/src/hotspot/share/classfile/systemDictionary.cpp, line 232]
Event: 0.303 Thread 0x0000022f557fd800 Exception <a 'java/lang/ClassNotFoundException'{0x000000008853abe8}: com/sun/swing/internal/plaf/basic/resources/spi/basicProvider> (0x000000008853abe8) 
thrown [t:/workspace/open/src/hotspot/share/classfile/systemDictionary.cpp, line 232]
Event: 0.321 Thread 0x0000022f557fd800 Exception <a 'java/lang/NoSuchMethodError'{0x00000000885a89e0}: 'void java.lang.invoke.DirectMethodHandle$Holder.invokeStaticInit(java.lang.Object)'> (0x00000000885a89e0) 
thrown [t:/workspace/open/src/hotspot/share/interpreter/linkResolver.cpp, line 767]
Event: 0.331 Thread 0x0000022f557fd800 Exception <a 'java/lang/ClassNotFoundException'{0x0000000088400270}: com/sun/java/swing/plaf/windows/resources/spi/windowsProvider> (0x0000000088400270) 
thrown [t:/workspace/open/src/hotspot/share/classfile/systemDictionary.cpp, line 232]
Event: 0.452 Thread 0x0000022f557fd800 Exception <a 'java/lang/NoSuchMethodError'{0x000000008810c338}: 'java.lang.Object java.lang.invoke.Invokers$Holder.linkToTargetMethod(java.lang.Object, int, java.lang.Object)'> (0x000000008810c338) 
thrown [t:/workspace/open/src/hotspot/share/interpreter/linkResolver.cpp, line 767]
Event: 18.687 Thread 0x0000022f557fd800 Exception <a 'java/lang/NoSuchMethodError'{0x00000000889c6540}: 'java.lang.Object java.lang.invoke.DirectMethodHandle$Holder.invokeSpecial(java.lang.Object, java.lang.Object, int, java.lang.Object, java.lang.Object)'> (0x00000000889c6540) 
thrown [t:/workspace/open/src/hotspot/share/interpreter/linkResolver.cpp, line 767]
Event: 18.687 Thread 0x0000022f557fd800 Exception <a 'java/lang/NoSuchMethodError'{0x00000000889c98a8}: 'java.lang.Object java.lang.invoke.Invokers$Holder.linkToTargetMethod(int, java.lang.Object, java.lang.Object, java.lang.Object)'> (0x00000000889c98a8) 
thrown [t:/workspace/open/src/hotspot/share/interpreter/linkResolver.cpp, line 767]
Event: 20.493 Thread 0x0000022f557fd800 Exception <a 'java/lang/NoSuchMethodError'{0x00000000887fa988}: 'void java.lang.invoke.DirectMethodHandle$Holder.invokeVirtual(java.lang.Object, java.lang.Object)'> (0x00000000887fa988) 
thrown [t:/workspace/open/src/hotspot/share/interpreter/linkResolver.cpp, line 767]

Events (20 events):
Event: 49.407 loading class javax/swing/JDesktopPane$ComponentPosition done
Event: 49.407 loading class java/util/TreeMap$KeySet
Event: 49.407 loading class java/util/TreeMap$KeySet done
Event: 49.407 loading class java/util/TreeMap$KeyIterator
Event: 49.407 loading class java/util/TreeMap$KeyIterator done
Event: 49.407 loading class sun/awt/UngrabEvent
Event: 49.407 loading class sun/awt/UngrabEvent done
Event: 49.410 Executing VM operation: RevokeBias
Event: 49.410 Executing VM operation: RevokeBias done
Event: 49.410 Thread 0x0000022f55730000 Thread added: 0x0000022f55730000
Event: 49.410 Thread 0x0000022f55732000 Thread added: 0x0000022f55732000
Event: 49.410 Thread 0x0000022f55732800 Thread added: 0x0000022f55732800
Event: 49.411 Thread 0x0000022f55732800 Thread exited: 0x0000022f55732800
Event: 49.411 Executing VM operation: RevokeBias
Event: 49.411 Executing VM operation: RevokeBias done
Event: 49.411 Thread 0x0000022f56299800 Thread exited: 0x0000022f56299800
Event: 49.412 Thread 0x0000022f55732000 Thread exited: 0x0000022f55732000
Event: 49.413 Executing VM operation: RevokeBias
Event: 49.413 Executing VM operation: RevokeBias done
Event: 49.413 Thread 0x0000022f56300800 Thread exited: 0x0000022f56300800


Dynamic libraries:
0x00007ff732f80000 - 0x00007ff732f8f000 	C:\Program Files\Java\jdk-13.0.2\bin\java.exe
0x00007ffabfaa0000 - 0x00007ffabfc90000 	C:\Windows\SYSTEM32\ntdll.dll
0x00007ffabf740000 - 0x00007ffabf7f2000 	C:\Windows\System32\KERNEL32.DLL
0x00007ffabcd30000 - 0x00007ffabcfd5000 	C:\Windows\System32\KERNELBASE.dll
0x00007ffabd130000 - 0x00007ffabd22a000 	C:\Windows\System32\ucrtbase.dll
0x00007ffab30c0000 - 0x00007ffab30d5000 	C:\Program Files\Java\jdk-13.0.2\bin\VCRUNTIME140.dll
0x00007ffab4650000 - 0x00007ffab4668000 	C:\Program Files\Java\jdk-13.0.2\bin\jli.dll
0x00007ffabdd50000 - 0x00007ffabddf3000 	C:\Windows\System32\ADVAPI32.dll
0x00007ffabde00000 - 0x00007ffabde9e000 	C:\Windows\System32\msvcrt.dll
0x00007ffabe6b0000 - 0x00007ffabe747000 	C:\Windows\System32\sechost.dll
0x00007ffabe0c0000 - 0x00007ffabe1e0000 	C:\Windows\System32\RPCRT4.dll
0x00007ffabdbb0000 - 0x00007ffabdd44000 	C:\Windows\System32\USER32.dll
0x00007ffaafae0000 - 0x00007ffaafd64000 	C:\Windows\WinSxS\amd64_microsoft.windows.common-controls_6595b64144ccf1df_6.0.18362.1139_none_9e7bf2d3e4605ac6\COMCTL32.dll
0x00007ffabca50000 - 0x00007ffabca71000 	C:\Windows\System32\win32u.dll
0x00007ffabe750000 - 0x00007ffabea85000 	C:\Windows\System32\combase.dll
0x00007ffabdb80000 - 0x00007ffabdba6000 	C:\Windows\System32\GDI32.dll
0x00007ffabdaa0000 - 0x00007ffabdb20000 	C:\Windows\System32\bcryptPrimitives.dll
0x00007ffabcae0000 - 0x00007ffabcc76000 	C:\Windows\System32\gdi32full.dll
0x00007ffabda00000 - 0x00007ffabda9e000 	C:\Windows\System32\msvcp_win.dll
0x00007ffab51a0000 - 0x00007ffab51aa000 	C:\Windows\SYSTEM32\VERSION.dll
0x00007ffabe530000 - 0x00007ffabe55e000 	C:\Windows\System32\IMM32.DLL
0x00007ffa8a1a0000 - 0x00007ffa8a23b000 	C:\Program Files\Java\jdk-13.0.2\bin\msvcp140.dll
0x00007ffa639f0000 - 0x00007ffa6454d000 	C:\Program Files\Java\jdk-13.0.2\bin\server\jvm.dll
0x00007ffabe560000 - 0x00007ffabe568000 	C:\Windows\System32\PSAPI.DLL
0x00007ffab3bf0000 - 0x00007ffab3bf9000 	C:\Windows\SYSTEM32\WSOCK32.dll
0x00007ffab9420000 - 0x00007ffab9444000 	C:\Windows\SYSTEM32\WINMM.dll
0x00007ffabe4c0000 - 0x00007ffabe52f000 	C:\Windows\System32\WS2_32.dll
0x00007ffab93f0000 - 0x00007ffab941d000 	C:\Windows\SYSTEM32\WINMMBASE.dll
0x00007ffabca00000 - 0x00007ffabca4a000 	C:\Windows\System32\cfgmgr32.dll
0x00007ffabc970000 - 0x00007ffabc981000 	C:\Windows\System32\kernel.appcore.dll
0x00007ffab3be0000 - 0x00007ffab3bf0000 	C:\Program Files\Java\jdk-13.0.2\bin\verify.dll
0x00007ffab6c60000 - 0x00007ffab6e54000 	C:\Windows\SYSTEM32\DBGHELP.DLL
0x00007ffaac030000 - 0x00007ffaac05a000 	C:\Windows\SYSTEM32\dbgcore.DLL
0x00007ffa99620000 - 0x00007ffa99646000 	C:\Program Files\Java\jdk-13.0.2\bin\java.dll
0x00007ffa9ece0000 - 0x00007ffa9ecf7000 	C:\Program Files\Java\jdk-13.0.2\bin\zip.dll
0x00007ffab3a40000 - 0x00007ffab3a4a000 	C:\Program Files\Java\jdk-13.0.2\bin\jimage.dll
0x00007ffabea90000 - 0x00007ffabf177000 	C:\Windows\System32\SHELL32.dll
0x00007ffabf610000 - 0x00007ffabf6b9000 	C:\Windows\System32\shcore.dll
0x00007ffabd230000 - 0x00007ffabd9b0000 	C:\Windows\System32\windows.storage.dll
0x00007ffabc940000 - 0x00007ffabc963000 	C:\Windows\System32\profapi.dll
0x00007ffabc9b0000 - 0x00007ffabc9fa000 	C:\Windows\System32\powrprof.dll
0x00007ffabc930000 - 0x00007ffabc940000 	C:\Windows\System32\UMPDC.dll
0x00007ffabdb20000 - 0x00007ffabdb72000 	C:\Windows\System32\shlwapi.dll
0x00007ffabd9b0000 - 0x00007ffabd9c7000 	C:\Windows\System32\cryptsp.dll
0x00007ffa6c870000 - 0x00007ffa6ca09000 	C:\Program Files\Java\jdk-13.0.2\bin\awt.dll
0x00007ffabdff0000 - 0x00007ffabe0b5000 	C:\Windows\System32\OLEAUT32.dll
0x00007ffabaa60000 - 0x00007ffabaaef000 	C:\Windows\SYSTEM32\apphelp.dll
0x00007ffababa0000 - 0x00007ffabac39000 	C:\Windows\system32\uxtheme.dll
0x00007ffabe570000 - 0x00007ffabe6a5000 	C:\Windows\System32\MSCTF.dll
0x00007ffabf800000 - 0x00007ffabf957000 	C:\Windows\System32\ole32.dll
0x00007ffabb070000 - 0x00007ffabb09d000 	C:\Windows\system32\DWMAPI.DLL
0x00007ffa97fa0000 - 0x00007ffa980f6000 	C:\Windows\system32\opengl32.dll
0x00007ffa9f4c0000 - 0x00007ffa9f4ec000 	C:\Windows\SYSTEM32\GLU32.dll
0x00007ffabb540000 - 0x00007ffabb560000 	C:\Windows\SYSTEM32\dxcore.dll
0x00007ffa91420000 - 0x00007ffa914a2000 	C:\Program Files\Java\jdk-13.0.2\bin\freetype.dll
0x00007ffa6da20000 - 0x00007ffa6dac6000 	C:\Program Files\Java\jdk-13.0.2\bin\fontmanager.dll
0x00007ffa99600000 - 0x00007ffa99619000 	C:\Program Files\Java\jdk-13.0.2\bin\net.dll
0x00007ffab1600000 - 0x00007ffab16f0000 	C:\Windows\SYSTEM32\WINHTTP.dll
0x00007ffabc130000 - 0x00007ffabc197000 	C:\Windows\system32\mswsock.dll
0x00007ffa95700000 - 0x00007ffa95713000 	C:\Program Files\Java\jdk-13.0.2\bin\nio.dll
0x00007ffab4cf0000 - 0x00007ffab4d8e000 	C:\Windows\System32\TextInputFramework.dll
0x00007ffaba4e0000 - 0x00007ffaba5b4000 	C:\Windows\System32\CoreMessaging.dll
0x00007ffab8120000 - 0x00007ffab844a000 	C:\Windows\System32\CoreUIComponents.dll
0x00007ffabb930000 - 0x00007ffabb961000 	C:\Windows\SYSTEM32\ntmarta.dll
0x00007ffab7e80000 - 0x00007ffab7fd3000 	C:\Windows\SYSTEM32\wintypes.dll
0x00007ffab19b0000 - 0x00007ffab1c57000 	C:\Windows\System32\iertutil.dll
0x00007ffaad860000 - 0x00007ffaad909000 	C:\Windows\WinSxS\amd64_microsoft.windows.common-controls_6595b64144ccf1df_5.82.18362.1139_none_73b3ffb6d815397f\comctl32.dll
0x00007ffabe390000 - 0x00007ffabe432000 	C:\Windows\System32\clbcatq.dll
0x00007ffab8ca0000 - 0x00007ffab8d90000 	C:\Windows\system32\propsys.dll
0x00007ffa95690000 - 0x00007ffa956a6000 	C:\Windows\system32\NetworkExplorer.dll
0x00007ffab7a20000 - 0x00007ffab7bcf000 	C:\Windows\SYSTEM32\WindowsCodecs.dll
0x00007ffaaeb40000 - 0x00007ffaaeb9e000 	C:\Windows\System32\thumbcache.dll
0x00007ffaa3740000 - 0x00007ffaa375b000 	C:\Windows\SYSTEM32\MPR.dll
0x00007ffab4ee0000 - 0x00007ffab4efc000 	C:\Windows\System32\p9np.dll
0x00007ffab4f50000 - 0x00007ffab4f5b000 	C:\Windows\System32\drprov.dll
0x00007ffabb9a0000 - 0x00007ffabb9f6000 	C:\Windows\System32\WINSTA.dll
0x00007ffab4840000 - 0x00007ffab4855000 	C:\Windows\System32\ntlanman.dll
0x00007ffab4280000 - 0x00007ffab429d000 	C:\Windows\System32\davclnt.dll
0x00007ffab2900000 - 0x00007ffab290c000 	C:\Windows\System32\DAVHLPR.dll
0x00007ffab8c20000 - 0x00007ffab8c37000 	C:\Windows\System32\wkscli.dll
0x00007ffabd9d0000 - 0x00007ffabd9f6000 	C:\Windows\System32\bcrypt.dll
0x00007ffa9ea90000 - 0x00007ffa9eaa2000 	C:\Windows\SYSTEM32\cscapi.dll
0x00007ffabbf60000 - 0x00007ffabbf6c000 	C:\Windows\System32\netutils.dll
0x00007ffaa2a50000 - 0x00007ffaa2aa3000 	C:\Windows\System32\dlnashext.dll
0x00007ffa99730000 - 0x00007ffa99794000 	C:\Windows\System32\PlayToDevice.dll
0x00007ffaa78c0000 - 0x00007ffaa78e0000 	C:\Windows\System32\DevDispItemProvider.dll
0x00007ffab5f50000 - 0x00007ffab5fc2000 	C:\Windows\System32\MMDevApi.dll
0x00007ffabc720000 - 0x00007ffabc74a000 	C:\Windows\System32\DEVOBJ.dll
0x00007ffa9fc20000 - 0x00007ffa9fcbe000 	C:\Windows\System32\PortableDeviceApi.dll
0x00007ffabf1a0000 - 0x00007ffabf610000 	C:\Windows\System32\SETUPAPI.dll
0x00007ffabca80000 - 0x00007ffabcadc000 	C:\Windows\System32\WINTRUST.dll
0x00007ffabc990000 - 0x00007ffabc9a2000 	C:\Windows\System32\MSASN1.dll
0x00007ffabcfe0000 - 0x00007ffabd129000 	C:\Windows\System32\CRYPT32.dll
0x00007ffab30e0000 - 0x00007ffab3105000 	C:\Windows\System32\EhStorAPI.dll
0x00007ffab8ec0000 - 0x00007ffab8ed3000 	C:\Windows\System32\WTSAPI32.dll
0x00007ffaabb30000 - 0x00007ffaabb3c000 	C:\Windows\SYSTEM32\Secur32.dll
0x00007ffabc810000 - 0x00007ffabc847000 	C:\Windows\SYSTEM32\SSPICLI.DLL
0x00007ffaac800000 - 0x00007ffaac818000 	C:\Windows\SYSTEM32\samcli.dll
0x00007ffab8e90000 - 0x00007ffab8eb3000 	C:\Windows\SYSTEM32\SAMLIB.dll
0x00007ffab0c90000 - 0x00007ffab0cca000 	C:\Windows\system32\dataexchange.dll
0x00007ffaba300000 - 0x00007ffaba4dd000 	C:\Windows\system32\dcomp.dll
0x00007ffab9c40000 - 0x00007ffab9e9b000 	C:\Windows\system32\d3d11.dll
0x00007ffabb5d0000 - 0x00007ffabb6bb000 	C:\Windows\system32\dxgi.dll
0x00007ffabad10000 - 0x00007ffabaf72000 	C:\Windows\system32\twinapi.appcore.dll
0x00007ffabb0a0000 - 0x00007ffabb0c9000 	C:\Windows\system32\RMCLIENT.dll
0x00007ffa927d0000 - 0x00007ffa92997000 	C:\Windows\system32\d3d9.dll
0x00007ffab4860000 - 0x00007ffab4a3b000 	C:\Windows\System32\DriverStore\FileRepository\u0359518.inf_amd64_ddc5c961c2795261\B359297\aticfx64.dll
0x00007ffa9e9f0000 - 0x00007ffa9ea23000 	C:\Windows\System32\DriverStore\FileRepository\u0359518.inf_amd64_ddc5c961c2795261\B359297\atiu9p64.dll
0x00007ffa73940000 - 0x00007ffa74618000 	C:\Windows\System32\DriverStore\FileRepository\u0359518.inf_amd64_ddc5c961c2795261\B359297\atiumd64.dll
0x00000000652f0000 - 0x000000006617e000 	C:\Windows\System32\DriverStore\FileRepository\u0359518.inf_amd64_ddc5c961c2795261\B359297\atiumd6a.dll
0x00007ffab5360000 - 0x00007ffab538f000 	C:\Windows\SYSTEM32\amdihk64.dll

dbghelp: loaded successfully - version: 4.0.5 - missing functions: none
symbol engine: initialized successfully - sym options: 0x614 - pdb path: .;C:\Program Files\Java\jdk-13.0.2\bin;C:\Windows\SYSTEM32;C:\Windows\WinSxS\amd64_microsoft.windows.common-controls_6595b64144ccf1df_6.0.18362.1139_none_9e7bf2d3e4605ac6;C:\Program Files\Java\jdk-13.0.2\bin\server;C:\Windows\System32\DriverStore\FileRepository\u0359518.inf_amd64_ddc5c961c2795261\B359297;C:\Windows\WinSxS\amd64_microsoft.windows.common-controls_6595b64144ccf1df_5.82.18362.1139_none_73b3ffb6d815397f;C:\Windows\WinSxS\amd64_microsoft.windows.gdiplus_6595b64144ccf1df_1.1.18362.1139_none_cf66e5b93ef2d494

VM Arguments:
jvm_args: -Dfile.encoding=Cp1252 
java_command: GUI.Main
java_class_path (initial): F:\Documents\Github\Proyecto-1-Compi\ide-triangle-v1.1.src\build\classes
Launcher Type: SUN_STANDARD

[Global flags]
     intx CICompilerCount                          = 4                                         {product} {ergonomic}
     uint ConcGCThreads                            = 2                                         {product} {ergonomic}
     uint G1ConcRefinementThreads                  = 8                                         {product} {ergonomic}
   size_t G1HeapRegionSize                         = 1048576                                   {product} {ergonomic}
    uintx GCDrainStackTargetSize                   = 64                                        {product} {ergonomic}
   size_t InitialHeapSize                          = 134217728                                 {product} {ergonomic}
   size_t MarkStackSize                            = 4194304                                   {product} {ergonomic}
   size_t MaxHeapSize                              = 2136997888                                {product} {ergonomic}
   size_t MaxNewSize                               = 1281359872                                {product} {ergonomic}
   size_t MinHeapDeltaBytes                        = 1048576                                   {product} {ergonomic}
   size_t MinHeapSize                              = 8388608                                   {product} {ergonomic}
    uintx NonNMethodCodeHeapSize                   = 5839372                                {pd product} {ergonomic}
    uintx NonProfiledCodeHeapSize                  = 122909434                              {pd product} {ergonomic}
    uintx ProfiledCodeHeapSize                     = 122909434                              {pd product} {ergonomic}
    uintx ReservedCodeCacheSize                    = 251658240                              {pd product} {ergonomic}
     bool SegmentedCodeCache                       = true                                      {product} {ergonomic}
   size_t SoftMaxHeapSize                          = 2136997888                             {manageable} {ergonomic}
     bool UseCompressedClassPointers               = true                                 {lp64_product} {ergonomic}
     bool UseCompressedOops                        = true                                 {lp64_product} {ergonomic}
     bool UseG1GC                                  = true                                      {product} {ergonomic}
     bool UseLargePagesIndividualAllocation        = false                                  {pd product} {ergonomic}

Logging:
Log output configuration:
 #0: stdout all=warning uptime,level,tags
 #1: stderr all=off uptime,level,tags

Environment Variables:
PATH=C:\Program Files (x86)\Common Files\Oracle\Java\javapath;C:\Windows\system32;C:\Windows;C:\Windows\System32\Wbem;C:\Windows\System32\WindowsPowerShell\v1.0\;C:\Windows\System32\OpenSSH\;C:\ProgramData\chocolatey\bin;C:\Users\diego\AppData\Roaming\nvm;C:\Program Files\nodejs;C:\Users\diego\.cargo\bin;F:\Program Files\Python\Python38-32\Scripts\;F:\Program Files\Python\Python38-32\;C:\Users\diego\AppData\Local\Programs\Python\Launcher\;C:\Users\diego\AppData\Local\Microsoft\WindowsApps;F:\Program Files\Microsoft VS Code\bin;C:\Users\diego\AppData\Roaming\npm;C:\Users\diego\AppData\Roaming\nvm;C:\Program Files\nodejs;F:\Program Files\heroku\bin
USERNAME=Diego
OS=Windows_NT
PROCESSOR_IDENTIFIER=Intel64 Family 6 Model 158 Stepping 9, GenuineIntel



---------------  S Y S T E M  ---------------

OS: Windows 10 , 64 bit Build 18362 (10.0.18362.1110)
HyperV virtualization detected

CPU:total 8 (initial active 8) (4 cores per cpu, 2 threads per core) family 6 model 158 stepping 9, cmov, cx8, fxsr, mmx, sse, sse2, sse3, ssse3, sse4.1, sse4.2, popcnt, avx, avx2, aes, clmul, erms, rtm, 3dnowpref, lzcnt, ht, tsc, tscinvbit, bmi1, bmi2, adx, fma

Memory: 4k page, system-wide physical 8144M (976M free)
TotalPageFile size 20960M (AvailPageFile size 3276M)
current process WorkingSet (physical memory assigned to process): 161M, peak: 198M
current process commit charge ("private bytes"): 301M, peak: 338M

vm_info: Java HotSpot(TM) 64-Bit Server VM (13.0.2+8) for windows-amd64 JRE (13.0.2+8), built on Dec 11 2019 09:20:33 by "mach5one" with unknown MS VC++:1916

END.
